<?xml version="1.0" encoding="UTF-8"?>
<testsuite name="Search by keyword" tests="1" skipped="0" failures="0" errors="0" timestamp="2021-02-20T03:07:24" hostname="DESKTOP-GJPSF2R" time="0.179">
  <properties/>
  <testcase name="Searching term" classname="Search by keyword" time="0.179"/>
  <system-out><![CDATA[Feature: Search by keyword

  Scenario: Searching term                                        ?[90m# src/test/resources/features/search/search_by_keyword.feature:3?[0m
22:07:24.363 [Test worker] INFO   - 
 _____ _____ ____ _____   ____ _____  _    ____ _____ _____ ____  
|_   _| ____/ ___|_   _| / ___|_   _|/ \  |  _ \_   _| ____|  _ \ 
  | | |  _| \___ \ | |   \___ \ | | / _ \ | |_) || | |  _| | | | |
  | | | |___ ___) || |    ___) || |/ ___ \|  _ < | | | |___| |_| |
  |_| |_____|____/ |_|   |____/ |_/_/   \_\_| \_\|_| |_____|____/ 

Searching term(search-by-keyword;searching-term)
-------------------------------------------------------------------
    ?[32mGiven ?[0m?[32mUser is on the Choucartesting home page?[0m                 ?[90m# SearchOnPage.user_is_on_the_Choucartesting_home_page()?[0m
    ?[32mWhen ?[0m?[32mhe searches jobs for ?[0m?[32m?[1m"Analista"?[0m                          ?[90m# SearchOnPage.he_searches_jobs_for(String)?[0m
    ?[32mThen ?[0m?[32mall the result titles should contain the word ?[0m?[32m?[1m"Analista"?[0m ?[90m# SearchOnPage.all_the_result_titles_should_contain_the_word(String)?[0m
]]></system-out>
  <system-err><![CDATA[]]></system-err>
</testsuite>
